Release 14.7 - xst P.20131013 (nt64)
Copyright (c) 1995-2013 Xilinx, Inc.  All rights reserved.
--> Parameter TMPDIR set to xst/projnav.tmp


Total REAL time to Xst completion: 0.00 secs
Total CPU time to Xst completion: 0.14 secs
 
--> Parameter xsthdpdir set to xst


Total REAL time to Xst completion: 0.00 secs
Total CPU time to Xst completion: 0.14 secs
 
--> Reading design: multiplygeneric.prj

TABLE OF CONTENTS
  1) Synthesis Options Summary
  2) HDL Compilation
  3) Design Hierarchy Analysis
  4) HDL Analysis
  5) HDL Synthesis
     5.1) HDL Synthesis Report
  6) Advanced HDL Synthesis
     6.1) Advanced HDL Synthesis Report
  7) Low Level Synthesis
  8) Partition Report
  9) Final Report
	9.1) Device utilization summary
	9.2) Partition Resource Summary
	9.3) TIMING REPORT


=========================================================================
*                      Synthesis Options Summary                        *
=========================================================================
---- Source Parameters
Input File Name                    : "multiplygeneric.prj"
Input Format                       : mixed
Ignore Synthesis Constraint File   : NO

---- Target Parameters
Output File Name                   : "multiplygeneric"
Output Format                      : NGC
Target Device                      : xc3s100e-4-vq100

---- Source Options
Top Module Name                    : multiplygeneric
Automatic FSM Extraction           : YES
FSM Encoding Algorithm             : Auto
Safe Implementation                : No
FSM Style                          : LUT
RAM Extraction                     : Yes
RAM Style                          : Auto
ROM Extraction                     : Yes
Mux Style                          : Auto
Decoder Extraction                 : YES
Priority Encoder Extraction        : Yes
Shift Register Extraction          : YES
Logical Shifter Extraction         : YES
XOR Collapsing                     : YES
ROM Style                          : Auto
Mux Extraction                     : Yes
Resource Sharing                   : YES
Asynchronous To Synchronous        : NO
Multiplier Style                   : Auto
Automatic Register Balancing       : No

---- Target Options
Add IO Buffers                     : YES
Global Maximum Fanout              : 500
Add Generic Clock Buffer(BUFG)     : 24
Register Duplication               : YES
Slice Packing                      : YES
Optimize Instantiated Primitives   : NO
Use Clock Enable                   : Yes
Use Synchronous Set                : Yes
Use Synchronous Reset              : Yes
Pack IO Registers into IOBs        : Auto
Equivalent register Removal        : YES

---- General Options
Optimization Goal                  : Speed
Optimization Effort                : 1
Keep Hierarchy                     : No
Netlist Hierarchy                  : As_Optimized
RTL Output                         : Yes
Global Optimization                : AllClockNets
Read Cores                         : YES
Write Timing Constraints           : NO
Cross Clock Analysis               : NO
Hierarchy Separator                : /
Bus Delimiter                      : <>
Case Specifier                     : Maintain
Slice Utilization Ratio            : 100
BRAM Utilization Ratio             : 100
Verilog 2001                       : YES
Auto BRAM Packing                  : NO
Slice Utilization Ratio Delta      : 5

=========================================================================


=========================================================================
*                          HDL Compilation                              *
=========================================================================
Compiling vhdl file "C:/Users/Roman Gasparini/Documents/xilink/projectsVhdl/multiply_generic/multiplygeneric.vhd" in Library work.
Architecture behavioral of Entity multiplygeneric is up to date.

=========================================================================
*                     Design Hierarchy Analysis                         *
=========================================================================
Analyzing hierarchy for entity <multiplygeneric> in library <work> (architecture <behavioral>) with generics.
	N = 3


=========================================================================
*                            HDL Analysis                               *
=========================================================================
Analyzing generic Entity <multiplygeneric> in library <work> (Architecture <behavioral>).
	N = 3
Entity <multiplygeneric> analyzed. Unit <multiplygeneric> generated.


=========================================================================
*                           HDL Synthesis                               *
=========================================================================

Performing bidirectional port resolution...

Synthesizing Unit <multiplygeneric>.
    Related source file is "C:/Users/Roman Gasparini/Documents/xilink/projectsVhdl/multiply_generic/multiplygeneric.vhd".
    Found 3x3-bit multiplier for signal <m_i>.
    Summary:
	inferred   1 Multiplier(s).
Unit <multiplygeneric> synthesized.


=========================================================================
HDL Synthesis Report

Macro Statistics
# Multipliers                                          : 1
 3x3-bit multiplier                                    : 1

=========================================================================

=========================================================================
*                       Advanced HDL Synthesis                          *
=========================================================================


=========================================================================
Advanced HDL Synthesis Report

Macro Statistics
# Multipliers                                          : 1
 3x3-bit multiplier                                    : 1

=========================================================================

=========================================================================
*                         Low Level Synthesis                           *
=========================================================================

Optimizing unit <multiplygeneric> ...

Mapping all equations...
Building and optimizing final netlist ...
Found area constraint ratio of 100 (+ 5) on block multiplygeneric, actual ratio is 1.

Final Macro Processing ...

=========================================================================
Final Register Report

Found no macro
=========================================================================

=========================================================================
*                           Partition Report                            *
=========================================================================

Partition Implementation Status
-------------------------------

  No Partitions were found in this design.

-------------------------------

=========================================================================
*                            Final Report                               *
=========================================================================
Final Results
RTL Top Level Output File Name     : multiplygeneric.ngr
Top Level Output File Name         : multiplygeneric
Output Format                      : NGC
Optimization Goal                  : Speed
Keep Hierarchy                     : No

Design Statistics
# IOs                              : 12

Cell Usage :
# BELS                             : 17
#      LUT2                        : 2
#      LUT4                        : 14
#      MUXF5                       : 1
# IO Buffers                       : 12
#      IBUF                        : 6
#      OBUF                        : 6
=========================================================================

Device utilization summary:
---------------------------

Selected Device : 3s100evq100-4 

 Number of Slices:                        9  out of    960     0%  
 Number of 4 input LUTs:                 16  out of   1920     0%  
 Number of IOs:                          12
 Number of bonded IOBs:                  12  out of     66    18%  

---------------------------
Partition Resource Summary:
---------------------------

  No Partitions were found in this design.

---------------------------


=========================================================================
TIMING REPORT

NOTE: THESE TIMING NUMBERS ARE ONLY A SYNTHESIS ESTIMATE.
      FOR ACCURATE TIMING INFORMATION PLEASE REFER TO THE TRACE REPORT
      GENERATED AFTER PLACE-and-ROUTE.

Clock Information:
------------------
No clock signals found in this design

Asynchronous Control Signals Information:
----------------------------------------
No asynchronous control signals found in this design

Timing Summary:
---------------
Speed Grade: -4

   Minimum period: No path found
   Minimum input arrival time before clock: No path found
   Maximum output required time after clock: No path found
   Maximum combinational path delay: 10.885ns

Timing Detail:
--------------
All values displayed in nanoseconds (ns)

=========================================================================
Timing constraint: Default path analysis
  Total number of paths / destination ports: 154 / 6
-------------------------------------------------------------------------
Delay:               10.885ns (Levels of Logic = 7)
  Source:            a_i<2> (PAD)
  Destination:       m_i<5> (PAD)

  Data Path: a_i<2> to m_i<5>
                                Gate     Net
    Cell:in->out      fanout   Delay   Delay  Logical Name (Net Name)
    ----------------------------------------  ------------
     IBUF:I->O             4   1.218   0.762  a_i_2_IBUF (a_i_2_IBUF)
     LUT4:I0->O            6   0.704   0.844  Mmult_m_i_Madd1_lut<2>1 (Mmult_m_i_Madd1_lut<2>)
     LUT4:I0->O            3   0.704   0.706  Mmult_m_i_Madd1_xor<3>11 (Mmult_m_i_Madd_31)
     LUT4:I0->O            1   0.704   0.000  Mmult_m_i_Madd2_cy<3>11 (Mmult_m_i_Madd2_cy<3>1)
     MUXF5:I1->O           2   0.321   0.526  Mmult_m_i_Madd2_cy<3>1_f5 (Mmult_m_i_Madd2_cy<3>)
     LUT4:I1->O            1   0.704   0.420  Mmult_m_i_Madd2_xor<5>11 (m_i_5_OBUF)
     OBUF:I->O                 3.272          m_i_5_OBUF (m_i<5>)
    ----------------------------------------
    Total                     10.885ns (7.627ns logic, 3.258ns route)
                                       (70.1% logic, 29.9% route)

=========================================================================


Total REAL time to Xst completion: 4.00 secs
Total CPU time to Xst completion: 4.20 secs
 
--> 

Total memory usage is 4450380 kilobytes

Number of errors   :    0 (   0 filtered)
Number of warnings :    0 (   0 filtered)
Number of infos    :    0 (   0 filtered)

