Running: C:\Xilinx\14.7\ISE_DS\ISE\bin\nt64\unwrapped\fuse.exe -intstyle ise -incremental -o C:/Users/Roman Gasparini/Documents/xilink/projectsVhdl/nuevaALU/pruebaNuevaAlu_isim_beh.exe -prj C:/Users/Roman Gasparini/Documents/xilink/projectsVhdl/nuevaALU/pruebaNuevaAlu_beh.prj work.pruebaNuevaAlu 
ISim P.20131013 (signature 0x7708f090)
Number of CPUs detected in this system: 8
Turning on mult-threading, number of parallel sub-compilation jobs: 16 
Determining compilation order of HDL files
Parsing VHDL file "C:/Users/Roman Gasparini/Documents/xilink/projectsVhdl/nuevaALU/nuevaALU.vhd" into library work
Parsing VHDL file "C:/Users/Roman Gasparini/Documents/xilink/projectsVhdl/nuevaALU/pruebaNuevaAlu.vhd" into library work
Starting static elaboration
Completed static elaboration
Compiling package standard
Compiling package std_logic_1164
Compiling package std_logic_arith
Compiling package std_logic_unsigned
Compiling architecture behavioral of entity nuevaALU [nuevaalu_default]
Compiling architecture behavior of entity pruebanuevaalu
Time Resolution for simulation is 1ps.
Compiled 7 VHDL Units
Built simulation executable C:/Users/Roman Gasparini/Documents/xilink/projectsVhdl/nuevaALU/pruebaNuevaAlu_isim_beh.exe
Fuse Memory Usage: 33836 KB
Fuse CPU Usage: 406 ms
