Release 14.7 - xst P.20131013 (nt64)
Copyright (c) 1995-2013 Xilinx, Inc.  All rights reserved.
--> Parameter TMPDIR set to xst/projnav.tmp


Total REAL time to Xst completion: 0.00 secs
Total CPU time to Xst completion: 0.10 secs
 
--> Parameter xsthdpdir set to xst


Total REAL time to Xst completion: 0.00 secs
Total CPU time to Xst completion: 0.10 secs
 
--> Reading design: nuevaALU.prj

TABLE OF CONTENTS
  1) Synthesis Options Summary
  2) HDL Compilation
  3) Design Hierarchy Analysis
  4) HDL Analysis
  5) HDL Synthesis
     5.1) HDL Synthesis Report
  6) Advanced HDL Synthesis
     6.1) Advanced HDL Synthesis Report
  7) Low Level Synthesis
  8) Partition Report
  9) Final Report
	9.1) Device utilization summary
	9.2) Partition Resource Summary
	9.3) TIMING REPORT


=========================================================================
*                      Synthesis Options Summary                        *
=========================================================================
---- Source Parameters
Input File Name                    : "nuevaALU.prj"
Input Format                       : mixed
Ignore Synthesis Constraint File   : NO

---- Target Parameters
Output File Name                   : "nuevaALU"
Output Format                      : NGC
Target Device                      : xc3s100e-4-vq100

---- Source Options
Top Module Name                    : nuevaALU
Automatic FSM Extraction           : YES
FSM Encoding Algorithm             : Auto
Safe Implementation                : No
FSM Style                          : LUT
RAM Extraction                     : Yes
RAM Style                          : Auto
ROM Extraction                     : Yes
Mux Style                          : Auto
Decoder Extraction                 : YES
Priority Encoder Extraction        : Yes
Shift Register Extraction          : YES
Logical Shifter Extraction         : YES
XOR Collapsing                     : YES
ROM Style                          : Auto
Mux Extraction                     : Yes
Resource Sharing                   : YES
Asynchronous To Synchronous        : NO
Multiplier Style                   : Auto
Automatic Register Balancing       : No

---- Target Options
Add IO Buffers                     : YES
Global Maximum Fanout              : 500
Add Generic Clock Buffer(BUFG)     : 24
Register Duplication               : YES
Slice Packing                      : YES
Optimize Instantiated Primitives   : NO
Use Clock Enable                   : Yes
Use Synchronous Set                : Yes
Use Synchronous Reset              : Yes
Pack IO Registers into IOBs        : Auto
Equivalent register Removal        : YES

---- General Options
Optimization Goal                  : Speed
Optimization Effort                : 1
Keep Hierarchy                     : No
Netlist Hierarchy                  : As_Optimized
RTL Output                         : Yes
Global Optimization                : AllClockNets
Read Cores                         : YES
Write Timing Constraints           : NO
Cross Clock Analysis               : NO
Hierarchy Separator                : /
Bus Delimiter                      : <>
Case Specifier                     : Maintain
Slice Utilization Ratio            : 100
BRAM Utilization Ratio             : 100
Verilog 2001                       : YES
Auto BRAM Packing                  : NO
Slice Utilization Ratio Delta      : 5

=========================================================================


=========================================================================
*                          HDL Compilation                              *
=========================================================================
Compiling vhdl file "C:/Users/Roman Gasparini/Documents/xilink/projectsVhdl/nuevaALU/nuevaALU.vhd" in Library work.
Architecture behavioral of Entity nuevaalu is up to date.

=========================================================================
*                     Design Hierarchy Analysis                         *
=========================================================================
Analyzing hierarchy for entity <nuevaALU> in library <work> (architecture <behavioral>).


=========================================================================
*                            HDL Analysis                               *
=========================================================================
Analyzing Entity <nuevaALU> in library <work> (Architecture <behavioral>).
Entity <nuevaALU> analyzed. Unit <nuevaALU> generated.


=========================================================================
*                           HDL Synthesis                               *
=========================================================================

Performing bidirectional port resolution...

Synthesizing Unit <nuevaALU>.
    Related source file is "C:/Users/Roman Gasparini/Documents/xilink/projectsVhdl/nuevaALU/nuevaALU.vhd".
    Found 8-bit 4-to-1 multiplexer for signal <resultado>.
    Found 8-bit addsub for signal <resultado$addsub0000>.
    Summary:
	inferred   1 Adder/Subtractor(s).
	inferred   8 Multiplexer(s).
Unit <nuevaALU> synthesized.

INFO:Xst:1767 - HDL ADVISOR - Resource sharing has identified that some arithmetic operations in this design can share the same physical resources for reduced device utilization. For improved clock frequency you may try to disable resource sharing.

=========================================================================
HDL Synthesis Report

Macro Statistics
# Adders/Subtractors                                   : 1
 8-bit addsub                                          : 1
# Multiplexers                                         : 1
 8-bit 4-to-1 multiplexer                              : 1

=========================================================================

=========================================================================
*                       Advanced HDL Synthesis                          *
=========================================================================


=========================================================================
Advanced HDL Synthesis Report

Macro Statistics
# Adders/Subtractors                                   : 1
 8-bit addsub                                          : 1
# Multiplexers                                         : 1
 8-bit 4-to-1 multiplexer                              : 1

=========================================================================

=========================================================================
*                         Low Level Synthesis                           *
=========================================================================

Optimizing unit <nuevaALU> ...

Mapping all equations...
Building and optimizing final netlist ...
Found area constraint ratio of 100 (+ 5) on block nuevaALU, actual ratio is 1.

Final Macro Processing ...

=========================================================================
Final Register Report

Found no macro
=========================================================================

=========================================================================
*                           Partition Report                            *
=========================================================================

Partition Implementation Status
-------------------------------

  No Partitions were found in this design.

-------------------------------

=========================================================================
*                            Final Report                               *
=========================================================================
Final Results
RTL Top Level Output File Name     : nuevaALU.ngr
Top Level Output File Name         : nuevaALU
Output Format                      : NGC
Optimization Goal                  : Speed
Keep Hierarchy                     : No

Design Statistics
# IOs                              : 26

Cell Usage :
# BELS                             : 48
#      LUT2                        : 1
#      LUT4                        : 24
#      MUXCY                       : 7
#      MUXF5                       : 8
#      XORCY                       : 8
# IO Buffers                       : 26
#      IBUF                        : 18
#      OBUF                        : 8
=========================================================================

Device utilization summary:
---------------------------

Selected Device : 3s100evq100-4 

 Number of Slices:                       13  out of    960     1%  
 Number of 4 input LUTs:                 25  out of   1920     1%  
 Number of IOs:                          26
 Number of bonded IOBs:                  26  out of     66    39%  

---------------------------
Partition Resource Summary:
---------------------------

  No Partitions were found in this design.

---------------------------


=========================================================================
TIMING REPORT

NOTE: THESE TIMING NUMBERS ARE ONLY A SYNTHESIS ESTIMATE.
      FOR ACCURATE TIMING INFORMATION PLEASE REFER TO THE TRACE REPORT
      GENERATED AFTER PLACE-and-ROUTE.

Clock Information:
------------------
No clock signals found in this design

Asynchronous Control Signals Information:
----------------------------------------
No asynchronous control signals found in this design

Timing Summary:
---------------
Speed Grade: -4

   Minimum period: No path found
   Minimum input arrival time before clock: No path found
   Maximum output required time after clock: No path found
   Maximum combinational path delay: 9.845ns

Timing Detail:
--------------
All values displayed in nanoseconds (ns)

=========================================================================
Timing constraint: Default path analysis
  Total number of paths / destination ports: 252 / 8
-------------------------------------------------------------------------
Delay:               9.845ns (Levels of Logic = 12)
  Source:            operacion<0> (PAD)
  Destination:       resultado<7> (PAD)

  Data Path: operacion<0> to resultado<7>
                                Gate     Net
    Cell:in->out      fanout   Delay   Delay  Logical Name (Net Name)
    ----------------------------------------  ------------
     IBUF:I->O            25   1.218   1.435  operacion_0_IBUF (operacion_0_IBUF)
     LUT2:I0->O            1   0.704   0.420  resultado_mux00002 (resultado_mux0000)
     MUXCY:CI->O           1   0.059   0.000  Maddsub_resultado_addsub0000_cy<0> (Maddsub_resultado_addsub0000_cy<0>)
     MUXCY:CI->O           1   0.059   0.000  Maddsub_resultado_addsub0000_cy<1> (Maddsub_resultado_addsub0000_cy<1>)
     MUXCY:CI->O           1   0.059   0.000  Maddsub_resultado_addsub0000_cy<2> (Maddsub_resultado_addsub0000_cy<2>)
     MUXCY:CI->O           1   0.059   0.000  Maddsub_resultado_addsub0000_cy<3> (Maddsub_resultado_addsub0000_cy<3>)
     MUXCY:CI->O           1   0.059   0.000  Maddsub_resultado_addsub0000_cy<4> (Maddsub_resultado_addsub0000_cy<4>)
     MUXCY:CI->O           1   0.059   0.000  Maddsub_resultado_addsub0000_cy<5> (Maddsub_resultado_addsub0000_cy<5>)
     MUXCY:CI->O           0   0.059   0.000  Maddsub_resultado_addsub0000_cy<6> (Maddsub_resultado_addsub0000_cy<6>)
     XORCY:CI->O           1   0.804   0.420  Maddsub_resultado_addsub0000_xor<7> (resultado_addsub0000<7>)
     MUXF5:S->O            1   0.739   0.420  Mmux_resultado16_f5 (resultado_7_OBUF)
     OBUF:I->O                 3.272          resultado_7_OBUF (resultado<7>)
    ----------------------------------------
    Total                      9.845ns (7.150ns logic, 2.695ns route)
                                       (72.6% logic, 27.4% route)

=========================================================================


Total REAL time to Xst completion: 5.00 secs
Total CPU time to Xst completion: 4.49 secs
 
--> 

Total memory usage is 4497192 kilobytes

Number of errors   :    0 (   0 filtered)
Number of warnings :    0 (   0 filtered)
Number of infos    :    1 (   0 filtered)

