Running: C:\Xilinx\14.7\ISE_DS\ISE\bin\nt64\unwrapped\fuse.exe -intstyle ise -incremental -o C:/Users/Roman Gasparini/Documents/xilink/projectsVhdl/diseno1/pruebaProcess_isim_beh.exe -prj C:/Users/Roman Gasparini/Documents/xilink/projectsVhdl/diseno1/pruebaProcess_beh.prj work.pruebaProcess 
ISim P.20131013 (signature 0x7708f090)
Number of CPUs detected in this system: 8
Turning on mult-threading, number of parallel sub-compilation jobs: 16 
Determining compilation order of HDL files
Parsing VHDL file "C:/Users/Roman Gasparini/Documents/xilink/projectsVhdl/diseno1/diseno1.vhd" into library work
Parsing VHDL file "C:/Users/Roman Gasparini/Documents/xilink/projectsVhdl/diseno1/pruebaProcess.vhd" into library work
Starting static elaboration
Completed static elaboration
Compiling package standard
Compiling package std_logic_1164
Compiling package std_logic_arith
Compiling package std_logic_unsigned
Compiling architecture behavioral of entity diseno1 [diseno1_default]
Compiling architecture behavior of entity pruebaprocess
Time Resolution for simulation is 1ps.
Waiting for 1 sub-compilation(s) to finish...
Compiled 7 VHDL Units
Built simulation executable C:/Users/Roman Gasparini/Documents/xilink/projectsVhdl/diseno1/pruebaProcess_isim_beh.exe
Fuse Memory Usage: 34536 KB
Fuse CPU Usage: 421 ms
