Release 14.7 - xst P.20131013 (nt64)
Copyright (c) 1995-2013 Xilinx, Inc.  All rights reserved.
--> Parameter TMPDIR set to xst/projnav.tmp


Total REAL time to Xst completion: 0.00 secs
Total CPU time to Xst completion: 0.10 secs
 
--> Parameter xsthdpdir set to xst


Total REAL time to Xst completion: 0.00 secs
Total CPU time to Xst completion: 0.10 secs
 
--> Reading design: sumador4b_alto_nivel.prj

TABLE OF CONTENTS
  1) Synthesis Options Summary
  2) HDL Compilation
  3) Design Hierarchy Analysis
  4) HDL Analysis
  5) HDL Synthesis
     5.1) HDL Synthesis Report
  6) Advanced HDL Synthesis
     6.1) Advanced HDL Synthesis Report
  7) Low Level Synthesis
  8) Partition Report
  9) Final Report
	9.1) Device utilization summary
	9.2) Partition Resource Summary
	9.3) TIMING REPORT


=========================================================================
*                      Synthesis Options Summary                        *
=========================================================================
---- Source Parameters
Input File Name                    : "sumador4b_alto_nivel.prj"
Input Format                       : mixed
Ignore Synthesis Constraint File   : NO

---- Target Parameters
Output File Name                   : "sumador4b_alto_nivel"
Output Format                      : NGC
Target Device                      : xc3s200-4-ft256

---- Source Options
Top Module Name                    : sumador4b_alto_nivel
Automatic FSM Extraction           : YES
FSM Encoding Algorithm             : Auto
Safe Implementation                : No
FSM Style                          : LUT
RAM Extraction                     : Yes
RAM Style                          : Auto
ROM Extraction                     : Yes
Mux Style                          : Auto
Decoder Extraction                 : YES
Priority Encoder Extraction        : Yes
Shift Register Extraction          : YES
Logical Shifter Extraction         : YES
XOR Collapsing                     : YES
ROM Style                          : Auto
Mux Extraction                     : Yes
Resource Sharing                   : YES
Asynchronous To Synchronous        : NO
Multiplier Style                   : Auto
Automatic Register Balancing       : No

---- Target Options
Add IO Buffers                     : YES
Global Maximum Fanout              : 100000
Add Generic Clock Buffer(BUFG)     : 8
Register Duplication               : YES
Slice Packing                      : YES
Optimize Instantiated Primitives   : NO
Use Clock Enable                   : Yes
Use Synchronous Set                : Yes
Use Synchronous Reset              : Yes
Pack IO Registers into IOBs        : Auto
Equivalent register Removal        : YES

---- General Options
Optimization Goal                  : Speed
Optimization Effort                : 1
Keep Hierarchy                     : No
Netlist Hierarchy                  : As_Optimized
RTL Output                         : Yes
Global Optimization                : AllClockNets
Read Cores                         : YES
Write Timing Constraints           : NO
Cross Clock Analysis               : NO
Hierarchy Separator                : /
Bus Delimiter                      : <>
Case Specifier                     : Maintain
Slice Utilization Ratio            : 100
BRAM Utilization Ratio             : 100
Verilog 2001                       : YES
Auto BRAM Packing                  : NO
Slice Utilization Ratio Delta      : 5

=========================================================================


=========================================================================
*                          HDL Compilation                              *
=========================================================================
Compiling vhdl file "C:/Users/Roman Gasparini/Documents/xilink/projectsVhdl/sumador4b/sumador_medio.vhd" in Library work.
Architecture behavioral of Entity sumador_medio is up to date.
Compiling vhdl file "C:/Users/Roman Gasparini/Documents/xilink/projectsVhdl/sumador4b/sumador_completo.vhd" in Library work.
Architecture behavioral of Entity sumador_completo is up to date.
Compiling vhdl file "C:/Users/Roman Gasparini/Documents/xilink/projectsVhdl/sumador4b/sumador4b_alto_nivel.vhd" in Library work.
Architecture behavioral of Entity sumador4b_alto_nivel is up to date.

=========================================================================
*                     Design Hierarchy Analysis                         *
=========================================================================
Analyzing hierarchy for entity <sumador4b_alto_nivel> in library <work> (architecture <behavioral>).

Analyzing hierarchy for entity <sumador_medio> in library <work> (architecture <behavioral>).

Analyzing hierarchy for entity <sumador_completo> in library <work> (architecture <behavioral>).


=========================================================================
*                            HDL Analysis                               *
=========================================================================
Analyzing Entity <sumador4b_alto_nivel> in library <work> (Architecture <behavioral>).
Entity <sumador4b_alto_nivel> analyzed. Unit <sumador4b_alto_nivel> generated.

Analyzing Entity <sumador_medio> in library <work> (Architecture <behavioral>).
Entity <sumador_medio> analyzed. Unit <sumador_medio> generated.

Analyzing Entity <sumador_completo> in library <work> (Architecture <behavioral>).
Entity <sumador_completo> analyzed. Unit <sumador_completo> generated.


=========================================================================
*                           HDL Synthesis                               *
=========================================================================

Performing bidirectional port resolution...

Synthesizing Unit <sumador_medio>.
    Related source file is "C:/Users/Roman Gasparini/Documents/xilink/projectsVhdl/sumador4b/sumador_medio.vhd".
    Found 1-bit xor2 for signal <suma>.
Unit <sumador_medio> synthesized.


Synthesizing Unit <sumador_completo>.
    Related source file is "C:/Users/Roman Gasparini/Documents/xilink/projectsVhdl/sumador4b/sumador_completo.vhd".
    Found 1-bit xor2 for signal <Suma>.
    Found 1-bit xor2 for signal <Cout$xor0000> created at line 43.
Unit <sumador_completo> synthesized.


Synthesizing Unit <sumador4b_alto_nivel>.
    Related source file is "C:/Users/Roman Gasparini/Documents/xilink/projectsVhdl/sumador4b/sumador4b_alto_nivel.vhd".
Unit <sumador4b_alto_nivel> synthesized.


=========================================================================
HDL Synthesis Report

Macro Statistics
# Xors                                                 : 7
 1-bit xor2                                            : 7

=========================================================================

=========================================================================
*                       Advanced HDL Synthesis                          *
=========================================================================


=========================================================================
Advanced HDL Synthesis Report

Macro Statistics
# Xors                                                 : 7
 1-bit xor2                                            : 7

=========================================================================

=========================================================================
*                         Low Level Synthesis                           *
=========================================================================

Optimizing unit <sumador4b_alto_nivel> ...

Mapping all equations...
Building and optimizing final netlist ...
Found area constraint ratio of 100 (+ 5) on block sumador4b_alto_nivel, actual ratio is 0.

Final Macro Processing ...

=========================================================================
Final Register Report

Found no macro
=========================================================================

=========================================================================
*                           Partition Report                            *
=========================================================================

Partition Implementation Status
-------------------------------

  No Partitions were found in this design.

-------------------------------

=========================================================================
*                            Final Report                               *
=========================================================================
Final Results
RTL Top Level Output File Name     : sumador4b_alto_nivel.ngr
Top Level Output File Name         : sumador4b_alto_nivel
Output Format                      : NGC
Optimization Goal                  : Speed
Keep Hierarchy                     : No

Design Statistics
# IOs                              : 13

Cell Usage :
# BELS                             : 7
#      LUT2                        : 1
#      LUT3                        : 4
#      LUT4                        : 2
# IO Buffers                       : 13
#      IBUF                        : 8
#      OBUF                        : 5
=========================================================================

Device utilization summary:
---------------------------

Selected Device : 3s200ft256-4 

 Number of Slices:                        4  out of   1920     0%  
 Number of 4 input LUTs:                  7  out of   3840     0%  
 Number of IOs:                          13
 Number of bonded IOBs:                  13  out of    173     7%  

---------------------------
Partition Resource Summary:
---------------------------

  No Partitions were found in this design.

---------------------------


=========================================================================
TIMING REPORT

NOTE: THESE TIMING NUMBERS ARE ONLY A SYNTHESIS ESTIMATE.
      FOR ACCURATE TIMING INFORMATION PLEASE REFER TO THE TRACE REPORT
      GENERATED AFTER PLACE-and-ROUTE.

Clock Information:
------------------
No clock signals found in this design

Asynchronous Control Signals Information:
----------------------------------------
No asynchronous control signals found in this design

Timing Summary:
---------------
Speed Grade: -4

   Minimum period: No path found
   Minimum input arrival time before clock: No path found
   Maximum output required time after clock: No path found
   Maximum combinational path delay: 12.296ns

Timing Detail:
--------------
All values displayed in nanoseconds (ns)

=========================================================================
Timing constraint: Default path analysis
  Total number of paths / destination ports: 28 / 5
-------------------------------------------------------------------------
Delay:               12.296ns (Levels of Logic = 5)
  Source:            Ent1<1> (PAD)
  Destination:       Resultado<3> (PAD)

  Data Path: Ent1<1> to Resultado<3>
                                Gate     Net
    Cell:in->out      fanout   Delay   Delay  Logical Name (Net Name)
    ----------------------------------------  ------------
     IBUF:I->O             2   0.821   1.216  Ent1_1_IBUF (Ent1_1_IBUF)
     LUT4:I0->O            2   0.551   0.945  Inst_sumador_completo1/Cout1 (C2)
     LUT3:I2->O            2   0.551   1.216  Inst_sumador_completo2/Cout1 (C3)
     LUT3:I0->O            1   0.551   0.801  Inst_sumador_completo3/Mxor_Suma_Result1 (Resultado_3_OBUF)
     OBUF:I->O                 5.644          Resultado_3_OBUF (Resultado<3>)
    ----------------------------------------
    Total                     12.296ns (8.118ns logic, 4.178ns route)
                                       (66.0% logic, 34.0% route)

=========================================================================


Total REAL time to Xst completion: 4.00 secs
Total CPU time to Xst completion: 4.20 secs
 
--> 

Total memory usage is 4497212 kilobytes

Number of errors   :    0 (   0 filtered)
Number of warnings :    0 (   0 filtered)
Number of infos    :    0 (   0 filtered)

